[2024-05-24 01:21:13.030] [  1512] [2C30] ===================================
[2024-05-24 01:21:13.031] [  1512] [2C30] Browser process opened from pid: 1892
[2024-05-24 01:21:13.031] [  1512] [2C30] Language: en
[2024-05-24 01:21:13.032] [  1512] [2C30] Connecting to IPC channel: rgsc_ipc_764_channel_0
[2024-05-24 01:21:13.033] [  1512] [2C30] Product version: RockstarGames/2.3.0.8/1.0.3179.0/gta5/Steam
[2024-05-24 01:21:13.125] [  1512] [2C30] OnChannelConnected - rgsc_ipc_764_channel_0 (remoteProcessId 1892)
[2024-05-24 01:21:17.032] [  1512] [2C30] Renderer[1][9884] IPC Channel Response: 9884 -> rgsc_ipc_764_channel_1
[2024-05-24 01:21:17.033] [  1512] [2C30] Renderer[1][9884] Connecting to IPC channel: rgsc_ipc_764_channel_1
[2024-05-24 01:21:17.080] [  1512] [2C30] Renderer[1][9884] OnChannelConnected - rgsc_ipc_764_channel_1 (remoteProcessId 1892)
[2024-05-24 01:24:12.219] [  1512] [2C30] OnChannelError() - rgsc_ipc_764_channel_0
[2024-05-24 01:24:12.220] [  1512] [2C30] Shutdown requested
[2024-05-24 01:24:17.224] [  1512] [2C30] Timed out waiting for windows to close on shutdown
[2024-05-24 01:24:17.240] [  1512] [2C30] MainMessageLoopInternalPump - Preparing to shutdown
[2024-05-24 01:24:20.382] [  1512] [2C30] MainMessageLoopInternalPump - Shutdown
[2024-05-24 01:24:35.434] [  8680] [2B44] ===================================
[2024-05-24 01:24:35.435] [  8680] [2B44] Browser process opened from pid: 3264
[2024-05-24 01:24:35.435] [  8680] [2B44] Language: en
[2024-05-24 01:24:35.436] [  8680] [2B44] Connecting to IPC channel: rgsc_ipc_cc0_channel_0
[2024-05-24 01:24:35.443] [  8680] [2B44] Product version: RockstarGames/2.3.0.8/1.0.3179.0/gta5/Steam
[2024-05-24 01:24:35.722] [  8680] [2B44] OnChannelConnected - rgsc_ipc_cc0_channel_0 (remoteProcessId 3264)
[2024-05-24 01:24:38.092] [  8680] [2B44] Renderer[1][8876] IPC Channel Response: 8876 -> rgsc_ipc_cc0_channel_1
[2024-05-24 01:24:38.094] [  8680] [2B44] Renderer[1][8876] Connecting to IPC channel: rgsc_ipc_cc0_channel_1
[2024-05-24 01:24:38.102] [  8680] [2B44] Renderer[1][8876] OnChannelConnected - rgsc_ipc_cc0_channel_1 (remoteProcessId 3264)
[2024-05-24 08:41:46.866] [  8680] [2B44] OnChannelError() - rgsc_ipc_cc0_channel_0
[2024-05-24 08:41:46.869] [  8680] [2B44] Shutdown requested
[2024-05-24 08:41:51.880] [  8680] [2B44] Timed out waiting for windows to close on shutdown
[2024-05-24 08:41:51.896] [  8680] [2B44] MainMessageLoopInternalPump - Preparing to shutdown
[2024-05-24 08:41:55.061] [  8680] [2B44] MainMessageLoopInternalPump - Shutdown
[2024-05-24 23:20:32.747] [ 11104] [2D90] ===================================
[2024-05-24 23:20:32.759] [ 11104] [2D90] Browser process opened from pid: 14280
[2024-05-24 23:20:32.759] [ 11104] [2D90] Language: en
[2024-05-24 23:20:32.760] [ 11104] [2D90] Connecting to IPC channel: rgsc_ipc_37c8_channel_0
[2024-05-24 23:20:32.761] [ 11104] [2D90] Product version: RockstarGames/2.3.0.8/1.0.3179.0/gta5/Steam
[2024-05-24 23:20:32.874] [ 11104] [2D90] OnChannelConnected - rgsc_ipc_37c8_channel_0 (remoteProcessId 14280)
[2024-05-24 23:20:34.385] [ 11104] [2D90] Renderer[1][4572] IPC Channel Response: 4572 -> rgsc_ipc_37c8_channel_1
[2024-05-24 23:20:34.386] [ 11104] [2D90] Renderer[1][4572] Connecting to IPC channel: rgsc_ipc_37c8_channel_1
[2024-05-24 23:20:34.387] [ 11104] [2D90] Renderer[1][4572] OnChannelConnected - rgsc_ipc_37c8_channel_1 (remoteProcessId 14280)
[2024-05-25 05:34:27.344] [ 11104] [2D90] OnChannelError() - rgsc_ipc_37c8_channel_0
[2024-05-25 05:34:27.366] [ 11104] [2D90] Shutdown requested
[2024-05-25 05:34:32.381] [ 11104] [2D90] Timed out waiting for windows to close on shutdown
[2024-05-25 05:34:32.396] [ 11104] [2D90] MainMessageLoopInternalPump - Preparing to shutdown
[2024-05-25 05:34:35.570] [ 11104] [2D90] MainMessageLoopInternalPump - Shutdown
[2024-05-27 17:44:55.131] [  5712] [13CC] ===================================
[2024-05-27 17:44:55.141] [  5712] [13CC] Browser process opened from pid: 11864
[2024-05-27 17:44:55.142] [  5712] [13CC] Language: en
[2024-05-27 17:44:55.142] [  5712] [13CC] Connecting to IPC channel: rgsc_ipc_2e58_channel_0
[2024-05-27 17:44:55.144] [  5712] [13CC] Product version: RockstarGames/2.3.0.8/1.0.3179.0/gta5/Steam
[2024-05-27 17:44:55.246] [  5712] [13CC] OnChannelConnected - rgsc_ipc_2e58_channel_0 (remoteProcessId 11864)
[2024-05-27 17:44:55.755] [  5712] [13CC] Renderer[1][8052] IPC Channel Response: 8052 -> rgsc_ipc_2e58_channel_1
[2024-05-27 17:44:55.756] [  5712] [13CC] Renderer[1][8052] Connecting to IPC channel: rgsc_ipc_2e58_channel_1
[2024-05-27 17:44:55.771] [  5712] [13CC] Renderer[1][8052] OnChannelConnected - rgsc_ipc_2e58_channel_1 (remoteProcessId 11864)
[2024-05-28 11:00:53.882] [  5712] [13CC] OnChannelError() - rgsc_ipc_2e58_channel_0
[2024-05-28 11:00:53.902] [  5712] [13CC] Shutdown requested
[2024-05-28 11:00:59.032] [  5712] [13CC] Timed out waiting for windows to close on shutdown
[2024-05-28 11:00:59.047] [  5712] [13CC] MainMessageLoopInternalPump - Preparing to shutdown
[2024-05-28 11:01:02.205] [  5712] [13CC] MainMessageLoopInternalPump - Shutdown
[2024-05-29 23:06:21.125] [ 13544] [1AF4] ===================================
[2024-05-29 23:06:21.138] [ 13544] [1AF4] Browser process opened from pid: 6192
[2024-05-29 23:06:21.139] [ 13544] [1AF4] Language: en
[2024-05-29 23:06:21.140] [ 13544] [1AF4] Connecting to IPC channel: rgsc_ipc_1830_channel_0
[2024-05-29 23:06:21.142] [ 13544] [1AF4] Product version: RockstarGames/2.3.0.8/1.0.3179.0/gta5/Steam
[2024-05-29 23:06:21.237] [ 13544] [1AF4] OnChannelConnected - rgsc_ipc_1830_channel_0 (remoteProcessId 6192)
[2024-05-29 23:06:22.965] [ 13544] [1AF4] Renderer[1][13428] IPC Channel Response: 13428 -> rgsc_ipc_1830_channel_1
[2024-05-29 23:06:22.966] [ 13544] [1AF4] Renderer[1][13428] Connecting to IPC channel: rgsc_ipc_1830_channel_1
[2024-05-29 23:06:23.045] [ 13544] [1AF4] Renderer[1][13428] OnChannelConnected - rgsc_ipc_1830_channel_1 (remoteProcessId 6192)
[2024-05-30 02:58:29.645] [ 13544] [1AF4] OnChannelError() - rgsc_ipc_1830_channel_0
[2024-05-30 02:58:29.672] [ 13544] [1AF4] Shutdown requested
[2024-05-30 02:58:34.678] [ 13544] [1AF4] Timed out waiting for windows to close on shutdown
[2024-05-30 02:58:34.694] [ 13544] [1AF4] MainMessageLoopInternalPump - Preparing to shutdown
[2024-05-30 02:58:37.863] [ 13544] [1AF4] MainMessageLoopInternalPump - Shutdown
