[2024-05-27 17:44:34.620] [DISPLAY] [Main ] [sysinfo] OS Version: Major: 10 Minor: 0 Build: 19045 Service Pack: 
[2024-05-27 17:44:34.688] [DISPLAY] [Main ] [main] Initial Working Directory: C:\Program Files (x86)\Steam\steamapps\common\Grand Theft Auto V
[2024-05-27 17:44:34.688] [DISPLAY] [Main ] [main] Working directory: C:\Program Files\Rockstar Games\Launcher
[2024-05-27 17:44:34.706] [DISPLAY] [Main ] [minmode] Running in Steam mode
[2024-05-27 17:44:34.706] [DISPLAY] [Main ] [minmode] Steam App Id: 271590
[2024-05-27 17:44:34.706] [DISPLAY] [Main ] [minmode] Title Id: 
[2024-05-27 17:44:34.706] [DISPLAY] [Main ] [minmode] Location: C:\Program Files (x86)\Steam\steamapps\common\Grand Theft Auto V
[2024-05-27 17:44:34.706] [DISPLAY] [Main ] [launcher] Opening log file.
[2024-05-27 17:44:34.712] [DISPLAY] [Main ] [main] Command line: "C:\Program Files\Rockstar Games\Launcher\Launcher.exe" -skipPatcherCheck -steamAppId=271590 -steamLocation "C:\Program Files (x86)\Steam\steamapps\common\Grand Theft Auto V" @args.txt
[2024-05-27 17:44:34.712] [DISPLAY] [Main ] [main] P4 Version: 
[2024-05-27 17:44:34.712] [DISPLAY] [Main ] [main] RGL Branch: release_04
[2024-05-27 17:44:34.712] [DISPLAY] [Main ] [main] Version: 1.0.89.1979
[2024-05-27 17:44:34.712] [DISPLAY] [Main ] [main] Parameters:
[2024-05-27 17:44:34.712] [DISPLAY] [Main ] [main]     C:\Program Files\Rockstar Games\Launcher\Launcher.exe
[2024-05-27 17:44:34.712] [DISPLAY] [Main ] [main]     -skipPatcherCheck
[2024-05-27 17:44:34.712] [DISPLAY] [Main ] [main]     -steamAppId=271590
[2024-05-27 17:44:34.712] [DISPLAY] [Main ] [main]     -steamLocation
[2024-05-27 17:44:34.712] [DISPLAY] [Main ] [main]     C:\Program Files (x86)\Steam\steamapps\common\Grand Theft Auto V
[2024-05-27 17:44:34.712] [DISPLAY] [Main ] [main]     @args.txt
[2024-05-27 17:44:34.756] [DISPLAY] [Main ] [titlemanager] Installed titles:
[2024-05-27 17:44:34.756] [DISPLAY] [Main ] [titlemanager]  Title                             Progress               Version              Location                                                    
[2024-05-27 17:44:34.961] [DISPLAY] [Main ] [svc] Service version: 1.0.89.1979 (1.0.89.1979)
[2024-05-27 17:44:35.336] [DISPLAY] [Main ] [fileutils] Version: 2.3.0.8 | 1.0.89.1979 | FFP
[2024-05-27 17:44:35.397] [DISPLAY] [Workr] [selfupdate] Up-to-date.
[2024-05-27 17:44:36.257] [DISPLAY] [bgsvc] [svc] Received response from service.
[2024-05-27 17:44:36.596] [DISPLAY] [Main ] [systemtray] System tray: enabled
[2024-05-27 17:44:36.620] [DISPLAY] [Main ] [launcher] Passed check: majorVersion(10.0.19045) >= 10
[2024-05-27 17:44:36.627] [DISPLAY] [Workr] [idownloader] Starting download of 'https://gamedownloads-rockstargames-com.akamaized.net/public/launcher_online_config.xml'
[2024-05-27 17:44:37.228] [DISPLAY] [Workr] [idownloader] Completed download of 'https://gamedownloads-rockstargames-com.akamaized.net/public/launcher_online_config.xml' (status: 0/200)
[2024-05-27 17:44:37.228] [DISPLAY] [Workr] [titlemanager] Downloading title list...
[2024-05-27 17:44:37.228] [DISPLAY] [Workr] [titlemanager] Downloading default title list (SCS)...
[2024-05-27 17:44:37.228] [DISPLAY] [Workr] [idownloader] Starting download of 'https://rgl-prod.ros.rockstargames.com/launcher/11/LauncherServices/App.asmx/GetDefaultApps?accessToken='
[2024-05-27 17:44:38.249] [DISPLAY] [Workr] [idownloader] Completed download of 'https://rgl-prod.ros.rockstargames.com/launcher/11/LauncherServices/App.asmx/GetDefaultApps?accessToken=' (status: 0/200)
[2024-05-27 17:44:38.249] [DISPLAY] [Workr] [titlemanager] Title list updated.
[2024-05-27 17:44:38.249] [DISPLAY] [Workr] [launcher] Checking for self-update...
[2024-05-27 17:44:38.255] [DISPLAY] [Workr] [statuschecker] Title Rockstar Games Launcher: No update
[2024-05-27 17:44:38.264] [DISPLAY] [Workr] [launcher] No self-update, continuing.
[2024-05-27 17:44:38.264] [DISPLAY] [Workr] [launcher] Checking for prerequisite updates...
[2024-05-27 17:44:38.359] [DISPLAY] [Workr] [preqmanager] The Social Club version available matches that currently installed (both: 2.3.0.8)
[2024-05-27 17:44:38.359] [DISPLAY] [Workr] [titleupdater] No prerequisites to install.
[2024-05-27 17:44:38.359] [DISPLAY] [Workr] [launcher] Checking minimum SDK requirement
[2024-05-27 17:44:38.399] [DISPLAY] [Workr] [launcher] Completed Social Club Pre-initialization tasks
[2024-05-27 17:44:39.670] [DISPLAY] [Main ] [launcher] Social Club UI has started.
[2024-05-27 17:44:39.678] [DISPLAY] [Main ] [external] Notifying Social Club UI about external launch...
[2024-05-27 17:44:39.679] [DISPLAY] [Admin] [external] Setting up Steam title...
[2024-05-27 17:44:39.680] [DISPLAY] [Admin] [metadatamanager] Read external Steam metadata: gta5
[2024-05-27 17:44:39.681] [DISPLAY] [Admin] [external] Ready to attempt a launch.
[2024-05-27 17:44:41.620] [DISPLAY] [Main ] [launcher] Presence Event - Signed In
[2024-05-27 17:44:41.620] [DISPLAY] [Main ] [launcher] User 'QBaxbaxa' is now signed in
[2024-05-27 17:44:41.682] [DISPLAY] [Main ] [scuicallbacks] Setting updated
[2024-05-27 17:44:41.682] [DISPLAY] [Main ] [scuicallbacks] Launch requested
[2024-05-27 17:44:41.682] [DISPLAY] [Main ] [scuicallbacks] Launch requested by user: gta5, 
[2024-05-27 17:44:41.682] [DISPLAY] [Main ] [external] Attempting external title launch...
[2024-05-27 17:44:41.682] [DISPLAY] [Admin] [external] Attempting Steam launch. User is 'baxbaxa'
[2024-05-27 17:44:41.683] [DISPLAY] [Main ] [launcher] Time to start up: 7132 ms
[2024-05-27 17:44:41.690] [DISPLAY] [Main ] [ui_mainwindow] Using DPI 120,120
[2024-05-27 17:44:41.690] [DISPLAY] [Main ] [ui_mainwindow] Using UI Scale: 1.25
[2024-05-27 17:44:41.692] [DISPLAY] [Main ] [ui_mainwindow] Using saved geometry: 185,112 (1280 x 750)
[2024-05-27 17:44:41.739] [DISPLAY] [Main ] [systemtray] System tray: enabled
[2024-05-27 17:44:43.376] [DISPLAY] [net4 ] [audio] Valid Audio Device: true
[2024-05-27 17:44:43.398] [DISPLAY] [11932] [gamelaunch] Launching game...
[2024-05-27 17:44:43.398] [DISPLAY] [11932] [gamelaunch]  Path: C:\Program Files (x86)\Steam\steamapps\common\Grand Theft Auto V\GTA5.exe
[2024-05-27 17:44:43.398] [DISPLAY] [11932] [gamelaunch]  Command Line: "C:\Program Files (x86)\Steam\steamapps\common\Grand Theft Auto V\GTA5.exe" -skipPatcherCheck -steamLocation "C:\Program Files (x86)\Steam\steamapps\common\Grand Theft Auto V" @args.txt @commandline.txt -enableCrashpad -useSteam -steamAppId=271590 -scCommerceProvider=4 -scOfflineOnly
[2024-05-27 17:44:43.398] [DISPLAY] [11932] [gamelaunch]  Working Directory: C:\Program Files (x86)\Steam\steamapps\common\Grand Theft Auto V
[2024-05-28 11:00:59.453] [DISPLAY] [11932] [gamelaunch] Game exited with code 0x0 (0)
[2024-05-28 11:00:59.455] [DISPLAY] [11932] [crashdetection] Game left no exit file.
[2024-05-28 11:00:59.455] [DISPLAY] [11932] [crashdetection] Exit code 0x0 indicates a clean game shutdown
[2024-05-28 11:00:59.512] [DISPLAY] [11932] [launcher] Shutdown requested! Forced: false
[2024-05-28 11:00:59.528] [DISPLAY] [Main ] [launcher] StartShutdown - Now in progress
[2024-05-28 11:00:59.709] [DISPLAY] [Main ] [app] Application quit requested (exit code: 0)
[2024-05-28 11:00:59.790] [DISPLAY] [Main ] [svc] Stopping the background service.
