[2024-05-24 23:19:40.414] [DISPLAY] [Main ] [sysinfo] OS Version: Major: 10 Minor: 0 Build: 19045 Service Pack: 
[2024-05-24 23:19:40.515] [DISPLAY] [Main ] [main] Initial Working Directory: C:\Program Files (x86)\Steam\steamapps\common\Grand Theft Auto V
[2024-05-24 23:19:40.515] [DISPLAY] [Main ] [main] Working directory: C:\Program Files\Rockstar Games\Launcher
[2024-05-24 23:19:40.542] [DISPLAY] [Main ] [minmode] Running in Steam mode
[2024-05-24 23:19:40.542] [DISPLAY] [Main ] [minmode] Steam App Id: 271590
[2024-05-24 23:19:40.542] [DISPLAY] [Main ] [minmode] Title Id: 
[2024-05-24 23:19:40.542] [DISPLAY] [Main ] [minmode] Location: C:\Program Files (x86)\Steam\steamapps\common\Grand Theft Auto V
[2024-05-24 23:19:40.542] [DISPLAY] [Main ] [launcher] Opening log file.
[2024-05-24 23:19:40.548] [DISPLAY] [Main ] [main] Command line: "C:\Program Files\Rockstar Games\Launcher\Launcher.exe" -skipPatcherCheck -steamAppId=271590 -steamLocation "C:\Program Files (x86)\Steam\steamapps\common\Grand Theft Auto V" @args.txt
[2024-05-24 23:19:40.548] [DISPLAY] [Main ] [main] P4 Version: 
[2024-05-24 23:19:40.548] [DISPLAY] [Main ] [main] RGL Branch: release_04
[2024-05-24 23:19:40.548] [DISPLAY] [Main ] [main] Version: 1.0.89.1979
[2024-05-24 23:19:40.548] [DISPLAY] [Main ] [main] Parameters:
[2024-05-24 23:19:40.548] [DISPLAY] [Main ] [main]     C:\Program Files\Rockstar Games\Launcher\Launcher.exe
[2024-05-24 23:19:40.548] [DISPLAY] [Main ] [main]     -skipPatcherCheck
[2024-05-24 23:19:40.548] [DISPLAY] [Main ] [main]     -steamAppId=271590
[2024-05-24 23:19:40.548] [DISPLAY] [Main ] [main]     -steamLocation
[2024-05-24 23:19:40.548] [DISPLAY] [Main ] [main]     C:\Program Files (x86)\Steam\steamapps\common\Grand Theft Auto V
[2024-05-24 23:19:40.548] [DISPLAY] [Main ] [main]     @args.txt
[2024-05-24 23:19:40.609] [DISPLAY] [Main ] [titlemanager] Installed titles:
[2024-05-24 23:19:40.609] [DISPLAY] [Main ] [titlemanager]  Title                             Progress               Version              Location                                                    
[2024-05-24 23:19:41.051] [DISPLAY] [Main ] [svc] Service version: 1.0.89.1979 (1.0.89.1979)
[2024-05-24 23:19:41.552] [DISPLAY] [Main ] [fileutils] Version: 2.3.0.8 | 1.0.89.1979 | FFP
[2024-05-24 23:19:41.617] [DISPLAY] [Workr] [selfupdate] Up-to-date.
[2024-05-24 23:19:43.171] [DISPLAY] [bgsvc] [svc] Received response from service.
[2024-05-24 23:19:43.798] [DISPLAY] [Main ] [systemtray] System tray: enabled
[2024-05-24 23:19:43.839] [DISPLAY] [Main ] [launcher] Passed check: majorVersion(10.0.19045) >= 10
[2024-05-24 23:19:43.851] [DISPLAY] [Workr] [idownloader] Starting download of 'https://gamedownloads-rockstargames-com.akamaized.net/public/launcher_online_config.xml'
[2024-05-24 23:19:45.010] [DISPLAY] [Workr] [idownloader] Completed download of 'https://gamedownloads-rockstargames-com.akamaized.net/public/launcher_online_config.xml' (status: 0/200)
[2024-05-24 23:19:45.010] [DISPLAY] [Workr] [titlemanager] Downloading title list...
[2024-05-24 23:19:45.010] [DISPLAY] [Workr] [titlemanager] Downloading default title list (SCS)...
[2024-05-24 23:19:45.010] [DISPLAY] [Workr] [idownloader] Starting download of 'https://rgl-prod.ros.rockstargames.com/launcher/11/LauncherServices/App.asmx/GetDefaultApps?accessToken='
[2024-05-24 23:19:46.069] [DISPLAY] [Workr] [idownloader] Completed download of 'https://rgl-prod.ros.rockstargames.com/launcher/11/LauncherServices/App.asmx/GetDefaultApps?accessToken=' (status: 0/200)
[2024-05-24 23:19:46.070] [DISPLAY] [Workr] [titlemanager] Title list updated.
[2024-05-24 23:19:46.070] [DISPLAY] [Workr] [launcher] Checking for self-update...
[2024-05-24 23:19:46.079] [DISPLAY] [Workr] [statuschecker] Title Rockstar Games Launcher: No update
[2024-05-24 23:19:46.100] [DISPLAY] [Workr] [launcher] No self-update, continuing.
[2024-05-24 23:19:46.100] [DISPLAY] [Workr] [launcher] Checking for prerequisite updates...
[2024-05-24 23:19:46.267] [DISPLAY] [Workr] [preqmanager] The Social Club version available matches that currently installed (both: 2.3.0.8)
[2024-05-24 23:19:46.267] [DISPLAY] [Workr] [titleupdater] No prerequisites to install.
[2024-05-24 23:19:46.267] [DISPLAY] [Workr] [launcher] Checking minimum SDK requirement
[2024-05-24 23:19:46.330] [DISPLAY] [Workr] [launcher] Completed Social Club Pre-initialization tasks
[2024-05-24 23:19:49.977] [DISPLAY] [Main ] [launcher] Social Club UI has started.
[2024-05-24 23:19:49.980] [DISPLAY] [Main ] [external] Notifying Social Club UI about external launch...
[2024-05-24 23:19:49.980] [DISPLAY] [Admin] [external] Setting up Steam title...
[2024-05-24 23:19:49.982] [DISPLAY] [Admin] [metadatamanager] Read external Steam metadata: gta5
[2024-05-24 23:19:49.982] [DISPLAY] [Admin] [external] Ready to attempt a launch.
[2024-05-24 23:19:57.539] [DISPLAY] [Main ] [launcher] Presence Event - Signed In
[2024-05-24 23:19:57.539] [DISPLAY] [Main ] [launcher] User 'QBaxbaxa' is now signed in
[2024-05-24 23:19:57.767] [DISPLAY] [Main ] [launcher] Presence Event :: Went Online
[2024-05-24 23:19:57.768] [DISPLAY] [Main ] [external] Preparing to update/launch...
[2024-05-24 23:19:57.768] [DISPLAY] [Admin] [titlemanager] Downloading title list...
[2024-05-24 23:19:57.768] [DISPLAY] [Main ] [launcher] Time to start up: 17438 ms
[2024-05-24 23:19:57.775] [DISPLAY] [Main ] [ui_mainwindow] Using DPI 120,120
[2024-05-24 23:19:57.775] [DISPLAY] [Main ] [ui_mainwindow] Using UI Scale: 1.25
[2024-05-24 23:19:57.777] [DISPLAY] [Main ] [ui_mainwindow] Using saved geometry: 185,112 (1046 x 750)
[2024-05-24 23:19:57.779] [DISPLAY] [Admin] [titlemanager] Downloading title list (SCS)...
[2024-05-24 23:19:57.834] [DISPLAY] [Main ] [systemtray] System tray: enabled
[2024-05-24 23:19:57.857] [DISPLAY] [Main ] [scuicallbacks] Enabling Downloading
[2024-05-24 23:19:57.915] [DISPLAY] [Main ] [launcher] Friend Event - Friends are Available
[2024-05-24 23:19:58.288] [DISPLAY] [Main ] [scuicallbacks] Setting updated
[2024-05-24 23:19:58.288] [DISPLAY] [Main ] [scuicallbacks] Launch requested
[2024-05-24 23:19:58.288] [DISPLAY] [Main ] [scuicallbacks] Launch requested by user: gta5, 
[2024-05-24 23:19:58.288] [DISPLAY] [Main ] [external] Attempting external title launch...
[2024-05-24 23:19:59.021] [DISPLAY] [Admin] [titlemanager] Title list updated.
[2024-05-24 23:19:59.024] [DISPLAY] [Admin] [external] Ready to attempt a launch.
[2024-05-24 23:19:59.024] [DISPLAY] [Admin] [external] Attempting Steam launch. User is 'baxbaxa'
[2024-05-24 23:20:05.455] [DISPLAY] [ 9932] [gamelaunch] RGL is up to date (current: 1.0.89.1979, minimum: 1.0.26.268)
[2024-05-24 23:20:05.458] [DISPLAY] [ 9932] [gamelaunch] Grand Theft Auto V is up to date (current: 1.0.3179.0, minimum: 1.0.1868.0)
[2024-05-24 23:20:09.377] [DISPLAY] [Main ] [cloudsaveop] Cloud Save sync requested for title 'gta5'
[2024-05-24 23:20:09.394] [DISPLAY] [Main ] [cloudsaveop] Starting cloud save enabled check for title 'gta5'
[2024-05-24 23:20:09.414] [DISPLAY] [Main ] [cloudsaveop] Received cloud saves enabled state for title 'gta5' = enabled
[2024-05-24 23:20:09.414] [DISPLAY] [Main ] [cloudsaveop] Identifying potential cloud save conflicts for title 'gta5'
[2024-05-24 23:20:13.328] [DISPLAY] [Main ] [cloudsaveop] Received modification list of cloud save files for title 'gta5'
[2024-05-24 23:20:13.328] [DISPLAY] [Main ] [cloudsaveop] Retrieving conflict metadata for title 'gta5'
[2024-05-24 23:20:13.345] [DISPLAY] [Main ] [cloudsaveop] Downloaded conflict metadata for title 'gta5'
[2024-05-24 23:20:13.345] [DISPLAY] [Main ] [cloudsaveop] Posting updated files for title 'gta5'
[2024-05-24 23:20:13.363] [DISPLAY] [Main ] [cloudsaveop] File uploading completed for title 'gta5'
[2024-05-24 23:20:13.363] [DISPLAY] [Main ] [cloudsaveop] Getting update files for title 'gta5'
[2024-05-24 23:20:13.380] [DISPLAY] [Main ] [cloudsaveop] File downloading completed for title 'gta5'
[2024-05-24 23:20:13.380] [DISPLAY] [Main ] [cloudsaveop] Deleting updated files for title 'gta5'
[2024-05-24 23:20:13.397] [DISPLAY] [Main ] [cloudsaveop] Files deletion completed for title 'gta5'
[2024-05-24 23:20:13.397] [DISPLAY] [Main ] [cloudsaveop] Swapping updated files in place for title 'gta5'
[2024-05-24 23:20:13.417] [DISPLAY] [Main ] [cloudsaveop] Finished syncing cloud saves for title 'gta5'
[2024-05-24 23:20:13.765] [DISPLAY] [net1 ] [audio] Valid Audio Device: true
[2024-05-24 23:20:16.129] [DISPLAY] [ 9932] [gamelaunch] Launching game...
[2024-05-24 23:20:16.129] [DISPLAY] [ 9932] [gamelaunch]  Path: C:\Program Files (x86)\Steam\steamapps\common\Grand Theft Auto V\GTA5.exe
[2024-05-24 23:20:16.129] [DISPLAY] [ 9932] [gamelaunch]  Command Line: "C:\Program Files (x86)\Steam\steamapps\common\Grand Theft Auto V\GTA5.exe" -skipPatcherCheck -steamLocation "C:\Program Files (x86)\Steam\steamapps\common\Grand Theft Auto V" @args.txt @commandline.txt -enableCrashpad -useSteam -steamAppId=271590 -scCommerceProvider=4
[2024-05-24 23:20:16.129] [DISPLAY] [ 9932] [gamelaunch]  Working Directory: C:\Program Files (x86)\Steam\steamapps\common\Grand Theft Auto V
[2024-05-25 00:19:45.098] [DISPLAY] [Admin] [idownloader] Starting download of 'https://gamedownloads-rockstargames-com.akamaized.net/public/launcher_online_config.xml'
[2024-05-25 00:19:45.848] [DISPLAY] [Admin] [idownloader] Completed download of 'https://gamedownloads-rockstargames-com.akamaized.net/public/launcher_online_config.xml' (status: 0/200)
[2024-05-25 01:19:45.910] [DISPLAY] [Admin] [idownloader] Starting download of 'https://gamedownloads-rockstargames-com.akamaized.net/public/launcher_online_config.xml'
[2024-05-25 01:19:46.693] [DISPLAY] [Admin] [idownloader] Completed download of 'https://gamedownloads-rockstargames-com.akamaized.net/public/launcher_online_config.xml' (status: 0/200)
[2024-05-25 02:19:46.704] [DISPLAY] [Admin] [idownloader] Starting download of 'https://gamedownloads-rockstargames-com.akamaized.net/public/launcher_online_config.xml'
[2024-05-25 02:19:47.235] [DISPLAY] [Admin] [idownloader] Completed download of 'https://gamedownloads-rockstargames-com.akamaized.net/public/launcher_online_config.xml' (status: 0/200)
[2024-05-25 03:19:47.255] [DISPLAY] [Admin] [idownloader] Starting download of 'https://gamedownloads-rockstargames-com.akamaized.net/public/launcher_online_config.xml'
[2024-05-25 03:19:47.800] [DISPLAY] [Admin] [idownloader] Completed download of 'https://gamedownloads-rockstargames-com.akamaized.net/public/launcher_online_config.xml' (status: 0/200)
[2024-05-25 04:19:47.826] [DISPLAY] [Admin] [idownloader] Starting download of 'https://gamedownloads-rockstargames-com.akamaized.net/public/launcher_online_config.xml'
[2024-05-25 04:19:48.356] [DISPLAY] [Admin] [idownloader] Completed download of 'https://gamedownloads-rockstargames-com.akamaized.net/public/launcher_online_config.xml' (status: 0/200)
[2024-05-25 05:19:48.446] [DISPLAY] [Admin] [idownloader] Starting download of 'https://gamedownloads-rockstargames-com.akamaized.net/public/launcher_online_config.xml'
[2024-05-25 05:19:48.957] [DISPLAY] [Admin] [idownloader] Completed download of 'https://gamedownloads-rockstargames-com.akamaized.net/public/launcher_online_config.xml' (status: 0/200)
[2024-05-25 05:34:31.023] [DISPLAY] [ 9932] [gamelaunch] Game exited with code 0x0 (0)
[2024-05-25 05:34:31.024] [DISPLAY] [ 9932] [crashdetection] Game left no exit file.
[2024-05-25 05:34:31.024] [DISPLAY] [ 9932] [crashdetection] Exit code 0x0 indicates a clean game shutdown
[2024-05-25 05:34:31.072] [DISPLAY] [Main ] [cloudsaveop] Cloud Save sync requested for title 'gta5'
[2024-05-25 05:34:31.089] [DISPLAY] [Main ] [cloudsaveop] Starting cloud save enabled check for title 'gta5'
[2024-05-25 05:34:31.091] [DISPLAY] [Main ] [cloudsaveop] Received cloud saves enabled state for title 'gta5' = enabled
[2024-05-25 05:34:31.091] [DISPLAY] [Main ] [cloudsaveop] Title access token was missing or expired, refreshing access for title 'gta5'
[2024-05-25 05:34:31.092] [DISPLAY] [Main ] [cloudsaveop] Retrieving access token for title 'gta5' (11)
[2024-05-25 05:34:32.143] [DISPLAY] [Main ] [cloudsaveop] Identifying potential cloud save conflicts for title 'gta5'
[2024-05-25 05:34:33.078] [DISPLAY] [Main ] [cloudsaveop] Received modification list of cloud save files for title 'gta5'
[2024-05-25 05:34:33.078] [DISPLAY] [Main ] [cloudsaveop] Retrieving conflict metadata for title 'gta5'
[2024-05-25 05:34:33.095] [DISPLAY] [Main ] [cloudsaveop] Downloaded conflict metadata for title 'gta5'
[2024-05-25 05:34:33.095] [DISPLAY] [Main ] [cloudsaveop] Posting updated files for title 'gta5'
[2024-05-25 05:34:39.338] [DISPLAY] [Main ] [cloudsaveop] File uploading completed for title 'gta5'
[2024-05-25 05:34:39.338] [DISPLAY] [Main ] [cloudsaveop] Getting update files for title 'gta5'
[2024-05-25 05:34:39.355] [DISPLAY] [Main ] [cloudsaveop] File downloading completed for title 'gta5'
[2024-05-25 05:34:39.355] [DISPLAY] [Main ] [cloudsaveop] Deleting updated files for title 'gta5'
[2024-05-25 05:34:39.372] [DISPLAY] [Main ] [cloudsaveop] Files deletion completed for title 'gta5'
[2024-05-25 05:34:39.372] [DISPLAY] [Main ] [cloudsaveop] Swapping updated files in place for title 'gta5'
[2024-05-25 05:34:39.391] [DISPLAY] [Main ] [cloudsaveop] Finished syncing cloud saves for title 'gta5'
[2024-05-25 05:34:40.409] [DISPLAY] [ 9932] [launcher] Shutdown requested! Forced: false
[2024-05-25 05:34:40.415] [DISPLAY] [Main ] [launcher] StartShutdown - Now in progress
[2024-05-25 05:34:40.416] [DISPLAY] [Main ] [svc] Stopping the background service.
[2024-05-25 05:34:41.996] [DISPLAY] [Main ] [app] Application quit requested (exit code: 0)
