[2024-05-24 01:16:26.102] [DISPLAY] [Main ] [sysinfo] OS Version: Major: 10 Minor: 0 Build: 19045 Service Pack: 
[2024-05-24 01:16:26.173] [DISPLAY] [Main ] [main] Initial Working Directory: C:\Program Files\Rockstar Games\Launcher
[2024-05-24 01:16:26.173] [DISPLAY] [Main ] [main] Working directory: C:\Program Files\Rockstar Games\Launcher
[2024-05-24 01:16:26.191] [DISPLAY] [Main ] [minmode] Running in Steam mode
[2024-05-24 01:16:26.191] [DISPLAY] [Main ] [minmode] Steam App Id: 271590
[2024-05-24 01:16:26.191] [DISPLAY] [Main ] [minmode] Title Id: 
[2024-05-24 01:16:26.191] [DISPLAY] [Main ] [minmode] Location: C:\Program Files (x86)\Steam\steamapps\common\Grand Theft Auto V
[2024-05-24 01:16:26.192] [DISPLAY] [Main ] [launcher] Opening log file.
[2024-05-24 01:16:26.194] [DISPLAY] [Main ] [main] Command line: "C:\Program Files\Rockstar Games\Launcher\Launcher.exe" -skipPatcherCheck -steamAppId=271590 -steamLocation "C:\Program Files (x86)\Steam\steamapps\common\Grand Theft Auto V" @args.txt -upgrade
[2024-05-24 01:16:26.194] [DISPLAY] [Main ] [main] P4 Version: 
[2024-05-24 01:16:26.194] [DISPLAY] [Main ] [main] RGL Branch: release_04
[2024-05-24 01:16:26.194] [DISPLAY] [Main ] [main] Version: 1.0.89.1979
[2024-05-24 01:16:26.194] [DISPLAY] [Main ] [main] Parameters:
[2024-05-24 01:16:26.194] [DISPLAY] [Main ] [main]     C:\Program Files\Rockstar Games\Launcher\Launcher.exe
[2024-05-24 01:16:26.194] [DISPLAY] [Main ] [main]     -skipPatcherCheck
[2024-05-24 01:16:26.194] [DISPLAY] [Main ] [main]     -steamAppId=271590
[2024-05-24 01:16:26.194] [DISPLAY] [Main ] [main]     -steamLocation
[2024-05-24 01:16:26.194] [DISPLAY] [Main ] [main]     C:\Program Files (x86)\Steam\steamapps\common\Grand Theft Auto V
[2024-05-24 01:16:26.194] [DISPLAY] [Main ] [main]     @args.txt
[2024-05-24 01:16:26.194] [DISPLAY] [Main ] [main]     -upgrade
[2024-05-24 01:16:26.224] [DISPLAY] [Main ] [titlemanager] Installed titles:
[2024-05-24 01:16:26.224] [DISPLAY] [Main ] [titlemanager]  Title                             Progress               Version              Location                                                    
[2024-05-24 01:16:26.224] [DISPLAY] [Main ] [preqmanager] Could not get preq list from disk; no preqs known to be installed.
[2024-05-24 01:16:26.237] [DISPLAY] [Main ] [svc] Service version: 1.0.89.1979 (1.0.89.1979)
[2024-05-24 01:16:26.347] [DISPLAY] [Main ] [fileutils] Version: 2.3.0.8 | 1.0.89.1979 | FFP
[2024-05-24 01:16:26.716] [DISPLAY] [Workr] [selfupdate] Up-to-date.
[2024-05-24 01:16:27.398] [DISPLAY] [bgsvc] [svc] Received response from service.
[2024-05-24 01:16:28.406] [DISPLAY] [Main ] [systemtray] System tray: enabled
[2024-05-24 01:16:28.419] [DISPLAY] [Main ] [launcher] Passed check: majorVersion(10.0.19045) >= 10
[2024-05-24 01:16:28.426] [DISPLAY] [Workr] [idownloader] Starting download of 'https://gamedownloads-rockstargames-com.akamaized.net/public/launcher_online_config.xml'
[2024-05-24 01:16:28.673] [DISPLAY] [Workr] [idownloader] Completed download of 'https://gamedownloads-rockstargames-com.akamaized.net/public/launcher_online_config.xml' (status: 0/200)
[2024-05-24 01:16:28.673] [DISPLAY] [Workr] [titlemanager] Downloading title list...
[2024-05-24 01:16:28.673] [DISPLAY] [Workr] [titlemanager] Downloading default title list (SCS)...
[2024-05-24 01:16:28.673] [DISPLAY] [Workr] [idownloader] Starting download of 'https://rgl-prod.ros.rockstargames.com/launcher/11/LauncherServices/App.asmx/GetDefaultApps?accessToken='
[2024-05-24 01:16:31.993] [DISPLAY] [Workr] [idownloader] Completed download of 'https://rgl-prod.ros.rockstargames.com/launcher/11/LauncherServices/App.asmx/GetDefaultApps?accessToken=' (status: 0/200)
[2024-05-24 01:16:31.993] [DISPLAY] [Workr] [titlemanager] Title list updated.
[2024-05-24 01:16:31.993] [DISPLAY] [Workr] [launcher] Checking for prerequisite updates...
[2024-05-24 01:16:33.593] [DISPLAY] [Workr] [preqmanager] The Social Club version available matches that currently installed (both: 2.3.0.8)
[2024-05-24 01:16:33.593] [DISPLAY] [Workr] [titleupdater] Installing prerequisites for title launcher
[2024-05-24 01:16:33.595] [DISPLAY] [Workr] [preqmanager] Installer version: 2.3.0.8
[2024-05-24 01:16:33.595] [DISPLAY] [Workr] [preqmanager] About to launch process: C:\Program Files\Rockstar Games\Launcher\Redistributables\SocialClub\Social-Club-Setup.exe (with commandline: /silent /forceinstall)
[2024-05-24 01:16:39.229] [DISPLAY] [Workr] [launcher] Checking minimum SDK requirement
[2024-05-24 01:16:39.377] [DISPLAY] [Workr] [launcher] Completed Social Club Pre-initialization tasks
[2024-05-24 01:16:48.835] [DISPLAY] [Main ] [launcher] Social Club UI has started.
[2024-05-24 01:16:48.837] [DISPLAY] [Main ] [external] Notifying Social Club UI about external launch...
[2024-05-24 01:16:48.837] [DISPLAY] [Admin] [external] Setting up Steam title...
[2024-05-24 01:16:48.838] [DISPLAY] [Admin] [metadatamanager] Read external Steam metadata: gta5
[2024-05-24 01:16:48.838] [DISPLAY] [Admin] [external] Ready to attempt a launch.
[2024-05-24 01:16:53.380] [DISPLAY] [Main ] [launcher] Time to start up: 27378 ms
[2024-05-24 01:16:53.383] [DISPLAY] [Main ] [ui_mainwindow] Using DPI 120,120
[2024-05-24 01:16:53.383] [DISPLAY] [Main ] [ui_mainwindow] Using UI Scale: 1.25
[2024-05-24 01:16:53.383] [DISPLAY] [Main ] [ui_mainwindow] Centering on monitor: 160,146 (1600 x 750)
[2024-05-24 01:16:53.411] [DISPLAY] [Main ] [systemtray] System tray: enabled
[2024-05-24 01:19:41.489] [DISPLAY] [Main ] [launcher] Presence Event - Signed In
[2024-05-24 01:19:41.489] [DISPLAY] [Main ] [launcher] User 'QBaxbaxa' is now signed in
[2024-05-24 01:19:41.513] [WARNING] [Main ] [settingsmanager] Couldn't read settings file C:\Users\Kiu-Student\Documents\Rockstar Games\Launcher\Profiles\EC4AA96D\settings_account.dat; using defaults.
[2024-05-24 01:19:41.513] [DISPLAY] [Main ] [launcher] Presence Event :: Went Online
[2024-05-24 01:19:41.513] [DISPLAY] [Main ] [external] Preparing to update/launch...
[2024-05-24 01:19:41.514] [DISPLAY] [Admin] [titlemanager] Downloading title list...
[2024-05-24 01:19:41.514] [DISPLAY] [Admin] [titlemanager] Downloading title list (SCS)...
[2024-05-24 01:19:41.754] [DISPLAY] [Main ] [scuicallbacks] Enabling Downloading
[2024-05-24 01:19:41.784] [DISPLAY] [Main ] [launcher] Friend Event - Friends are Available
[2024-05-24 01:19:42.260] [DISPLAY] [Main ] [scuicallbacks] Setting updated
[2024-05-24 01:19:42.260] [DISPLAY] [Main ] [scuicallbacks] Launch requested
[2024-05-24 01:19:42.260] [DISPLAY] [Main ] [scuicallbacks] Launch requested by user: gta5, 
[2024-05-24 01:19:42.260] [DISPLAY] [Main ] [external] Attempting external title launch...
[2024-05-24 01:19:43.493] [DISPLAY] [Admin] [titlemanager] Title list updated.
[2024-05-24 01:19:43.496] [DISPLAY] [Admin] [external] Ready to attempt a launch.
[2024-05-24 01:19:43.496] [DISPLAY] [Admin] [external] Attempting Steam launch. User is 'baxbaxa'
[2024-05-24 01:19:48.692] [DISPLAY] [10640] [gamelaunch] RGL is up to date (current: 1.0.89.1979, minimum: 1.0.26.268)
[2024-05-24 01:19:48.694] [DISPLAY] [10640] [gamelaunch] Grand Theft Auto V is up to date (current: 1.0.3179.0, minimum: 1.0.1868.0)
[2024-05-24 01:19:50.813] [DISPLAY] [Main ] [cloudsaveop] Cloud Save sync requested for title 'gta5'
[2024-05-24 01:19:50.830] [DISPLAY] [Main ] [cloudsaveop] Starting cloud save enabled check for title 'gta5'
[2024-05-24 01:20:01.035] [DISPLAY] [Main ] [cloudsaveop] Received cloud saves enabled state for title 'gta5' = enabled
[2024-05-24 01:20:01.035] [DISPLAY] [Main ] [cloudsaveop] Identifying potential cloud save conflicts for title 'gta5'
[2024-05-24 01:20:03.242] [DISPLAY] [Main ] [cloudsaveop] Received modification list of cloud save files for title 'gta5'
[2024-05-24 01:20:03.242] [DISPLAY] [Main ] [cloudsaveop] Retrieving conflict metadata for title 'gta5'
[2024-05-24 01:20:05.894] [DISPLAY] [Main ] [cloudsaveop] Downloaded conflict metadata for title 'gta5'
[2024-05-24 01:20:05.894] [DISPLAY] [Main ] [cloudsaveop] Posting updated files for title 'gta5'
[2024-05-24 01:20:05.911] [DISPLAY] [Main ] [cloudsaveop] File uploading completed for title 'gta5'
[2024-05-24 01:20:05.911] [DISPLAY] [Main ] [cloudsaveop] Getting update files for title 'gta5'
[2024-05-24 01:20:58.887] [DISPLAY] [Main ] [cloudsaveop] File downloading completed for title 'gta5'
[2024-05-24 01:20:58.887] [DISPLAY] [Main ] [cloudsaveop] Deleting updated files for title 'gta5'
[2024-05-24 01:20:58.904] [DISPLAY] [Main ] [cloudsaveop] Files deletion completed for title 'gta5'
[2024-05-24 01:20:58.904] [DISPLAY] [Main ] [cloudsaveop] Swapping updated files in place for title 'gta5'
[2024-05-24 01:20:58.990] [DISPLAY] [Main ] [cloudsaveop] Finished syncing cloud saves for title 'gta5'
[2024-05-24 01:20:59.342] [DISPLAY] [net3 ] [audio] Valid Audio Device: true
[2024-05-24 01:21:00.686] [DISPLAY] [10640] [gamelaunch] Launching game...
[2024-05-24 01:21:00.686] [DISPLAY] [10640] [gamelaunch]  Path: C:\Program Files (x86)\Steam\steamapps\common\Grand Theft Auto V\GTA5.exe
[2024-05-24 01:21:00.686] [DISPLAY] [10640] [gamelaunch]  Command Line: "C:\Program Files (x86)\Steam\steamapps\common\Grand Theft Auto V\GTA5.exe" -skipPatcherCheck -steamLocation "C:\Program Files (x86)\Steam\steamapps\common\Grand Theft Auto V" @args.txt -upgrade @commandline.txt -enableCrashpad -useSteam -steamAppId=271590 -scCommerceProvider=4
[2024-05-24 01:21:00.686] [DISPLAY] [10640] [gamelaunch]  Working Directory: C:\Program Files (x86)\Steam\steamapps\common\Grand Theft Auto V
[2024-05-24 01:23:15.809] [DISPLAY] [Main ] [sysinfo] Drive C:\ has 18.32 GB free, 237.86 GB total
[2024-05-24 01:23:15.944] [DISPLAY] [Main ] [sysinfo] Drive C:\ has 18.32 GB free, 237.86 GB total
[2024-05-24 01:24:12.028] [DISPLAY] [Main ] [gamelaunch] Game restart requested for 'gta5'
[2024-05-24 01:24:13.539] [DISPLAY] [10640] [gamelaunch] Game exited with code 0x0 (0)
[2024-05-24 01:24:13.539] [DISPLAY] [10640] [crashdetection] Game left no exit file.
[2024-05-24 01:24:13.539] [DISPLAY] [10640] [crashdetection] Exit code 0x0 indicates a clean game shutdown
[2024-05-24 01:24:14.576] [DISPLAY] [10640] [gamelaunch] RGL is up to date (current: 1.0.89.1979, minimum: 1.0.26.268)
[2024-05-24 01:24:14.577] [DISPLAY] [10640] [gamelaunch] Grand Theft Auto V is up to date (current: 1.0.3179.0, minimum: 1.0.1868.0)
[2024-05-24 01:24:19.690] [DISPLAY] [Main ] [cloudsaveop] Cloud Save sync requested for title 'gta5'
[2024-05-24 01:24:19.707] [DISPLAY] [Main ] [cloudsaveop] Starting cloud save enabled check for title 'gta5'
[2024-05-24 01:24:19.709] [DISPLAY] [Main ] [cloudsaveop] Received cloud saves enabled state for title 'gta5' = enabled
[2024-05-24 01:24:19.709] [DISPLAY] [Main ] [cloudsaveop] Identifying potential cloud save conflicts for title 'gta5'
[2024-05-24 01:24:20.542] [DISPLAY] [Main ] [cloudsaveop] Received modification list of cloud save files for title 'gta5'
[2024-05-24 01:24:20.542] [DISPLAY] [Main ] [cloudsaveop] Retrieving conflict metadata for title 'gta5'
[2024-05-24 01:24:20.559] [DISPLAY] [Main ] [cloudsaveop] Downloaded conflict metadata for title 'gta5'
[2024-05-24 01:24:20.559] [DISPLAY] [Main ] [cloudsaveop] Posting updated files for title 'gta5'
[2024-05-24 01:24:20.576] [DISPLAY] [Main ] [cloudsaveop] File uploading completed for title 'gta5'
[2024-05-24 01:24:20.576] [DISPLAY] [Main ] [cloudsaveop] Getting update files for title 'gta5'
[2024-05-24 01:24:20.593] [DISPLAY] [Main ] [cloudsaveop] File downloading completed for title 'gta5'
[2024-05-24 01:24:20.593] [DISPLAY] [Main ] [cloudsaveop] Deleting updated files for title 'gta5'
[2024-05-24 01:24:20.610] [DISPLAY] [Main ] [cloudsaveop] Files deletion completed for title 'gta5'
[2024-05-24 01:24:20.610] [DISPLAY] [Main ] [cloudsaveop] Swapping updated files in place for title 'gta5'
[2024-05-24 01:24:20.628] [DISPLAY] [Main ] [cloudsaveop] Finished syncing cloud saves for title 'gta5'
[2024-05-24 01:24:20.875] [DISPLAY] [net4 ] [audio] Valid Audio Device: true
[2024-05-24 01:24:25.430] [DISPLAY] [10640] [gamelaunch] Launching game...
[2024-05-24 01:24:25.430] [DISPLAY] [10640] [gamelaunch]  Path: C:\Program Files (x86)\Steam\steamapps\common\Grand Theft Auto V\GTA5.exe
[2024-05-24 01:24:25.430] [DISPLAY] [10640] [gamelaunch]  Command Line: "C:\Program Files (x86)\Steam\steamapps\common\Grand Theft Auto V\GTA5.exe" -skipPatcherCheck -steamLocation "C:\Program Files (x86)\Steam\steamapps\common\Grand Theft Auto V" @args.txt -upgrade @commandline.txt -enableCrashpad -useSteam -steamAppId=271590 -scCommerceProvider=4
[2024-05-24 01:24:25.430] [DISPLAY] [10640] [gamelaunch]  Working Directory: C:\Program Files (x86)\Steam\steamapps\common\Grand Theft Auto V
[2024-05-24 02:16:28.689] [DISPLAY] [Admin] [idownloader] Starting download of 'https://gamedownloads-rockstargames-com.akamaized.net/public/launcher_online_config.xml'
[2024-05-24 02:16:29.104] [DISPLAY] [Admin] [idownloader] Completed download of 'https://gamedownloads-rockstargames-com.akamaized.net/public/launcher_online_config.xml' (status: 0/200)
[2024-05-24 03:16:29.119] [DISPLAY] [Admin] [idownloader] Starting download of 'https://gamedownloads-rockstargames-com.akamaized.net/public/launcher_online_config.xml'
[2024-05-24 03:16:29.597] [DISPLAY] [Admin] [idownloader] Completed download of 'https://gamedownloads-rockstargames-com.akamaized.net/public/launcher_online_config.xml' (status: 0/200)
[2024-05-24 04:16:29.617] [DISPLAY] [Admin] [idownloader] Starting download of 'https://gamedownloads-rockstargames-com.akamaized.net/public/launcher_online_config.xml'
[2024-05-24 04:16:29.993] [DISPLAY] [Admin] [idownloader] Completed download of 'https://gamedownloads-rockstargames-com.akamaized.net/public/launcher_online_config.xml' (status: 0/200)
[2024-05-24 05:16:29.998] [DISPLAY] [Admin] [idownloader] Starting download of 'https://gamedownloads-rockstargames-com.akamaized.net/public/launcher_online_config.xml'
[2024-05-24 05:16:30.355] [DISPLAY] [Admin] [idownloader] Completed download of 'https://gamedownloads-rockstargames-com.akamaized.net/public/launcher_online_config.xml' (status: 0/200)
[2024-05-24 06:16:30.370] [DISPLAY] [Admin] [idownloader] Starting download of 'https://gamedownloads-rockstargames-com.akamaized.net/public/launcher_online_config.xml'
[2024-05-24 06:16:30.728] [DISPLAY] [Admin] [idownloader] Completed download of 'https://gamedownloads-rockstargames-com.akamaized.net/public/launcher_online_config.xml' (status: 0/200)
[2024-05-24 07:16:30.744] [DISPLAY] [Admin] [idownloader] Starting download of 'https://gamedownloads-rockstargames-com.akamaized.net/public/launcher_online_config.xml'
[2024-05-24 07:16:31.118] [DISPLAY] [Admin] [idownloader] Completed download of 'https://gamedownloads-rockstargames-com.akamaized.net/public/launcher_online_config.xml' (status: 0/200)
[2024-05-24 08:16:31.124] [DISPLAY] [Admin] [idownloader] Starting download of 'https://gamedownloads-rockstargames-com.akamaized.net/public/launcher_online_config.xml'
[2024-05-24 08:16:31.465] [DISPLAY] [Admin] [idownloader] Completed download of 'https://gamedownloads-rockstargames-com.akamaized.net/public/launcher_online_config.xml' (status: 0/200)
[2024-05-24 08:41:51.752] [DISPLAY] [10640] [gamelaunch] Game exited with code 0x0 (0)
[2024-05-24 08:41:51.753] [DISPLAY] [10640] [crashdetection] Game left no exit file.
[2024-05-24 08:41:51.754] [DISPLAY] [10640] [crashdetection] Exit code 0x0 indicates a clean game shutdown
[2024-05-24 08:41:51.775] [DISPLAY] [Main ] [cloudsaveop] Cloud Save sync requested for title 'gta5'
[2024-05-24 08:41:51.792] [DISPLAY] [Main ] [cloudsaveop] Starting cloud save enabled check for title 'gta5'
[2024-05-24 08:41:51.793] [DISPLAY] [Main ] [cloudsaveop] Received cloud saves enabled state for title 'gta5' = enabled
[2024-05-24 08:41:51.793] [DISPLAY] [Main ] [cloudsaveop] Title access token was missing or expired, refreshing access for title 'gta5'
[2024-05-24 08:41:51.794] [DISPLAY] [Main ] [cloudsaveop] Retrieving access token for title 'gta5' (11)
[2024-05-24 08:41:52.948] [DISPLAY] [Main ] [cloudsaveop] Identifying potential cloud save conflicts for title 'gta5'
[2024-05-24 08:41:53.883] [DISPLAY] [Main ] [cloudsaveop] Received modification list of cloud save files for title 'gta5'
[2024-05-24 08:41:53.883] [DISPLAY] [Main ] [cloudsaveop] Retrieving conflict metadata for title 'gta5'
[2024-05-24 08:41:53.900] [DISPLAY] [Main ] [cloudsaveop] Downloaded conflict metadata for title 'gta5'
[2024-05-24 08:41:53.900] [DISPLAY] [Main ] [cloudsaveop] Posting updated files for title 'gta5'
[2024-05-24 08:41:59.751] [DISPLAY] [Main ] [cloudsaveop] File uploading completed for title 'gta5'
[2024-05-24 08:41:59.751] [DISPLAY] [Main ] [cloudsaveop] Getting update files for title 'gta5'
[2024-05-24 08:41:59.768] [DISPLAY] [Main ] [cloudsaveop] File downloading completed for title 'gta5'
[2024-05-24 08:41:59.768] [DISPLAY] [Main ] [cloudsaveop] Deleting updated files for title 'gta5'
[2024-05-24 08:41:59.785] [DISPLAY] [Main ] [cloudsaveop] Files deletion completed for title 'gta5'
[2024-05-24 08:41:59.785] [DISPLAY] [Main ] [cloudsaveop] Swapping updated files in place for title 'gta5'
[2024-05-24 08:41:59.804] [DISPLAY] [Main ] [cloudsaveop] Finished syncing cloud saves for title 'gta5'
[2024-05-24 08:42:01.350] [DISPLAY] [10640] [launcher] Shutdown requested! Forced: false
[2024-05-24 08:42:01.356] [DISPLAY] [Main ] [launcher] StartShutdown - Now in progress
[2024-05-24 08:42:03.558] [DISPLAY] [Main ] [app] Application quit requested (exit code: 0)
[2024-05-24 08:42:03.689] [DISPLAY] [Main ] [svc] Stopping the background service.
