[2024-05-29 23:05:38.757] [DISPLAY] [Main ] [sysinfo] OS Version: Major: 10 Minor: 0 Build: 19045 Service Pack: 
[2024-05-29 23:05:38.792] [DISPLAY] [Main ] [main] Initial Working Directory: C:\Program Files (x86)\Steam\steamapps\common\Grand Theft Auto V
[2024-05-29 23:05:38.792] [DISPLAY] [Main ] [main] Working directory: C:\Program Files\Rockstar Games\Launcher
[2024-05-29 23:05:38.806] [DISPLAY] [Main ] [minmode] Running in Steam mode
[2024-05-29 23:05:38.806] [DISPLAY] [Main ] [minmode] Steam App Id: 271590
[2024-05-29 23:05:38.806] [DISPLAY] [Main ] [minmode] Title Id: 
[2024-05-29 23:05:38.806] [DISPLAY] [Main ] [minmode] Location: C:\Program Files (x86)\Steam\steamapps\common\Grand Theft Auto V
[2024-05-29 23:05:38.806] [DISPLAY] [Main ] [launcher] Opening log file.
[2024-05-29 23:05:38.811] [DISPLAY] [Main ] [main] Command line: "C:\Program Files\Rockstar Games\Launcher\Launcher.exe" -skipPatcherCheck -steamAppId=271590 -steamLocation "C:\Program Files (x86)\Steam\steamapps\common\Grand Theft Auto V" @args.txt
[2024-05-29 23:05:38.811] [DISPLAY] [Main ] [main] P4 Version: 
[2024-05-29 23:05:38.811] [DISPLAY] [Main ] [main] RGL Branch: release_04
[2024-05-29 23:05:38.811] [DISPLAY] [Main ] [main] Version: 1.0.89.1979
[2024-05-29 23:05:38.811] [DISPLAY] [Main ] [main] Parameters:
[2024-05-29 23:05:38.811] [DISPLAY] [Main ] [main]     C:\Program Files\Rockstar Games\Launcher\Launcher.exe
[2024-05-29 23:05:38.811] [DISPLAY] [Main ] [main]     -skipPatcherCheck
[2024-05-29 23:05:38.811] [DISPLAY] [Main ] [main]     -steamAppId=271590
[2024-05-29 23:05:38.811] [DISPLAY] [Main ] [main]     -steamLocation
[2024-05-29 23:05:38.811] [DISPLAY] [Main ] [main]     C:\Program Files (x86)\Steam\steamapps\common\Grand Theft Auto V
[2024-05-29 23:05:38.811] [DISPLAY] [Main ] [main]     @args.txt
[2024-05-29 23:05:38.853] [DISPLAY] [Main ] [titlemanager] Installed titles:
[2024-05-29 23:05:38.853] [DISPLAY] [Main ] [titlemanager]  Title                             Progress               Version              Location                                                    
[2024-05-29 23:05:39.059] [DISPLAY] [Main ] [svc] Service version: 1.0.89.1979 (1.0.89.1979)
[2024-05-29 23:05:39.454] [DISPLAY] [Main ] [fileutils] Version: 2.3.0.8 | 1.0.89.1979 | FFP
[2024-05-29 23:05:39.522] [DISPLAY] [Workr] [selfupdate] Up-to-date.
[2024-05-29 23:05:40.623] [DISPLAY] [bgsvc] [svc] Received response from service.
[2024-05-29 23:05:40.993] [DISPLAY] [Main ] [systemtray] System tray: enabled
[2024-05-29 23:05:41.018] [DISPLAY] [Main ] [launcher] Passed check: majorVersion(10.0.19045) >= 10
[2024-05-29 23:05:41.025] [DISPLAY] [Workr] [idownloader] Starting download of 'https://gamedownloads-rockstargames-com.akamaized.net/public/launcher_online_config.xml'
[2024-05-29 23:05:41.503] [DISPLAY] [Workr] [idownloader] Completed download of 'https://gamedownloads-rockstargames-com.akamaized.net/public/launcher_online_config.xml' (status: 0/200)
[2024-05-29 23:05:41.503] [DISPLAY] [Workr] [titlemanager] Downloading title list...
[2024-05-29 23:05:41.503] [DISPLAY] [Workr] [titlemanager] Downloading default title list (SCS)...
[2024-05-29 23:05:41.503] [DISPLAY] [Workr] [idownloader] Starting download of 'https://rgl-prod.ros.rockstargames.com/launcher/11/LauncherServices/App.asmx/GetDefaultApps?accessToken='
[2024-05-29 23:05:42.551] [DISPLAY] [Workr] [idownloader] Completed download of 'https://rgl-prod.ros.rockstargames.com/launcher/11/LauncherServices/App.asmx/GetDefaultApps?accessToken=' (status: 0/200)
[2024-05-29 23:05:42.551] [DISPLAY] [Workr] [titlemanager] Title list updated.
[2024-05-29 23:05:42.551] [DISPLAY] [Workr] [launcher] Checking for self-update...
[2024-05-29 23:05:42.558] [DISPLAY] [Workr] [statuschecker] Title Rockstar Games Launcher: No update
[2024-05-29 23:05:42.566] [DISPLAY] [Workr] [launcher] No self-update, continuing.
[2024-05-29 23:05:42.566] [DISPLAY] [Workr] [launcher] Checking for prerequisite updates...
[2024-05-29 23:05:42.664] [DISPLAY] [Workr] [preqmanager] The Social Club version available matches that currently installed (both: 2.3.0.8)
[2024-05-29 23:05:42.664] [DISPLAY] [Workr] [titleupdater] No prerequisites to install.
[2024-05-29 23:05:42.664] [DISPLAY] [Workr] [launcher] Checking minimum SDK requirement
[2024-05-29 23:05:42.702] [DISPLAY] [Workr] [launcher] Completed Social Club Pre-initialization tasks
[2024-05-29 23:05:45.574] [DISPLAY] [Main ] [launcher] Social Club UI has started.
[2024-05-29 23:05:45.576] [DISPLAY] [Main ] [external] Notifying Social Club UI about external launch...
[2024-05-29 23:05:45.576] [DISPLAY] [Admin] [external] Setting up Steam title...
[2024-05-29 23:05:45.577] [DISPLAY] [Admin] [metadatamanager] Read external Steam metadata: gta5
[2024-05-29 23:05:45.577] [DISPLAY] [Admin] [external] Ready to attempt a launch.
[2024-05-29 23:05:51.492] [DISPLAY] [Main ] [launcher] Presence Event - Signed In
[2024-05-29 23:05:51.492] [DISPLAY] [Main ] [launcher] User 'QBaxbaxa' is now signed in
[2024-05-29 23:05:51.570] [DISPLAY] [Main ] [launcher] Presence Event :: Went Online
[2024-05-29 23:05:51.570] [DISPLAY] [Main ] [external] Preparing to update/launch...
[2024-05-29 23:05:51.570] [DISPLAY] [Admin] [titlemanager] Downloading title list...
[2024-05-29 23:05:51.570] [DISPLAY] [Admin] [titlemanager] Downloading title list (SCS)...
[2024-05-29 23:05:51.570] [DISPLAY] [Main ] [launcher] Time to start up: 12884 ms
[2024-05-29 23:05:51.577] [DISPLAY] [Main ] [ui_mainwindow] Using DPI 120,120
[2024-05-29 23:05:51.578] [DISPLAY] [Main ] [ui_mainwindow] Using UI Scale: 1.25
[2024-05-29 23:05:51.579] [DISPLAY] [Main ] [ui_mainwindow] Using saved geometry: 185,112 (1280 x 750)
[2024-05-29 23:05:51.605] [DISPLAY] [Main ] [systemtray] System tray: enabled
[2024-05-29 23:05:51.626] [DISPLAY] [Main ] [scuicallbacks] Enabling Downloading
[2024-05-29 23:05:51.683] [DISPLAY] [Main ] [launcher] Friend Event - Friends are Available
[2024-05-29 23:05:52.088] [DISPLAY] [Main ] [scuicallbacks] Setting updated
[2024-05-29 23:05:52.088] [DISPLAY] [Main ] [scuicallbacks] Launch requested
[2024-05-29 23:05:52.088] [DISPLAY] [Main ] [scuicallbacks] Launch requested by user: gta5, 
[2024-05-29 23:05:52.088] [DISPLAY] [Main ] [external] Attempting external title launch...
[2024-05-29 23:05:55.046] [DISPLAY] [Admin] [titlemanager] Title list updated.
[2024-05-29 23:05:55.047] [DISPLAY] [Admin] [external] Ready to attempt a launch.
[2024-05-29 23:05:55.047] [DISPLAY] [Admin] [external] Attempting Steam launch. User is 'baxbaxa'
[2024-05-29 23:05:59.172] [DISPLAY] [ 7616] [gamelaunch] RGL is up to date (current: 1.0.89.1979, minimum: 1.0.26.268)
[2024-05-29 23:05:59.173] [DISPLAY] [ 7616] [gamelaunch] Grand Theft Auto V is up to date (current: 1.0.3179.0, minimum: 1.0.1868.0)
[2024-05-29 23:06:01.412] [DISPLAY] [Main ] [cloudsaveop] Cloud Save sync requested for title 'gta5'
[2024-05-29 23:06:01.429] [DISPLAY] [Main ] [cloudsaveop] Starting cloud save enabled check for title 'gta5'
[2024-05-29 23:06:01.438] [DISPLAY] [Main ] [cloudsaveop] Received cloud saves enabled state for title 'gta5' = enabled
[2024-05-29 23:06:01.438] [DISPLAY] [Main ] [cloudsaveop] Identifying potential cloud save conflicts for title 'gta5'
[2024-05-29 23:06:02.316] [DISPLAY] [Main ] [cloudsaveop] Received modification list of cloud save files for title 'gta5'
[2024-05-29 23:06:02.316] [DISPLAY] [Main ] [cloudsaveop] Retrieving conflict metadata for title 'gta5'
[2024-05-29 23:06:02.333] [DISPLAY] [Main ] [cloudsaveop] Downloaded conflict metadata for title 'gta5'
[2024-05-29 23:06:02.333] [DISPLAY] [Main ] [cloudsaveop] Posting updated files for title 'gta5'
[2024-05-29 23:06:08.182] [DISPLAY] [Main ] [cloudsaveop] File uploading completed for title 'gta5'
[2024-05-29 23:06:08.182] [DISPLAY] [Main ] [cloudsaveop] Getting update files for title 'gta5'
[2024-05-29 23:06:08.199] [DISPLAY] [Main ] [cloudsaveop] File downloading completed for title 'gta5'
[2024-05-29 23:06:08.199] [DISPLAY] [Main ] [cloudsaveop] Deleting updated files for title 'gta5'
[2024-05-29 23:06:08.216] [DISPLAY] [Main ] [cloudsaveop] Files deletion completed for title 'gta5'
[2024-05-29 23:06:08.216] [DISPLAY] [Main ] [cloudsaveop] Swapping updated files in place for title 'gta5'
[2024-05-29 23:06:08.234] [DISPLAY] [Main ] [cloudsaveop] Finished syncing cloud saves for title 'gta5'
[2024-05-29 23:06:08.526] [DISPLAY] [net3 ] [audio] Valid Audio Device: true
[2024-05-29 23:06:09.845] [DISPLAY] [ 7616] [gamelaunch] Launching game...
[2024-05-29 23:06:09.845] [DISPLAY] [ 7616] [gamelaunch]  Path: C:\Program Files (x86)\Steam\steamapps\common\Grand Theft Auto V\GTA5.exe
[2024-05-29 23:06:09.845] [DISPLAY] [ 7616] [gamelaunch]  Command Line: "C:\Program Files (x86)\Steam\steamapps\common\Grand Theft Auto V\GTA5.exe" -skipPatcherCheck -steamLocation "C:\Program Files (x86)\Steam\steamapps\common\Grand Theft Auto V" @args.txt @commandline.txt -enableCrashpad -useSteam -steamAppId=271590 -scCommerceProvider=4
[2024-05-29 23:06:09.845] [DISPLAY] [ 7616] [gamelaunch]  Working Directory: C:\Program Files (x86)\Steam\steamapps\common\Grand Theft Auto V
[2024-05-29 23:09:11.738] [DISPLAY] [Main ] [sysinfo] Drive C:\ has 16.34 GB free, 237.86 GB total
[2024-05-29 23:09:12.277] [DISPLAY] [Main ] [sysinfo] Drive C:\ has 16.35 GB free, 237.86 GB total
[2024-05-30 00:05:41.582] [DISPLAY] [Admin] [idownloader] Starting download of 'https://gamedownloads-rockstargames-com.akamaized.net/public/launcher_online_config.xml'
[2024-05-30 00:05:42.386] [DISPLAY] [Admin] [idownloader] Completed download of 'https://gamedownloads-rockstargames-com.akamaized.net/public/launcher_online_config.xml' (status: 0/200)
[2024-05-30 01:05:42.480] [DISPLAY] [Admin] [idownloader] Starting download of 'https://gamedownloads-rockstargames-com.akamaized.net/public/launcher_online_config.xml'
[2024-05-30 01:05:43.246] [DISPLAY] [Admin] [idownloader] Completed download of 'https://gamedownloads-rockstargames-com.akamaized.net/public/launcher_online_config.xml' (status: 0/200)
[2024-05-30 02:05:43.284] [DISPLAY] [Admin] [idownloader] Starting download of 'https://gamedownloads-rockstargames-com.akamaized.net/public/launcher_online_config.xml'
[2024-05-30 02:05:43.796] [DISPLAY] [Admin] [idownloader] Completed download of 'https://gamedownloads-rockstargames-com.akamaized.net/public/launcher_online_config.xml' (status: 0/200)
[2024-05-30 02:58:35.165] [DISPLAY] [ 7616] [gamelaunch] Game exited with code 0x0 (0)
[2024-05-30 02:58:35.166] [DISPLAY] [ 7616] [crashdetection] Game left no exit file.
[2024-05-30 02:58:35.167] [DISPLAY] [ 7616] [crashdetection] Exit code 0x0 indicates a clean game shutdown
[2024-05-30 02:58:35.194] [DISPLAY] [Main ] [cloudsaveop] Cloud Save sync requested for title 'gta5'
[2024-05-30 02:58:35.211] [DISPLAY] [Main ] [cloudsaveop] Starting cloud save enabled check for title 'gta5'
[2024-05-30 02:58:35.213] [DISPLAY] [Main ] [cloudsaveop] Received cloud saves enabled state for title 'gta5' = enabled
[2024-05-30 02:58:35.213] [DISPLAY] [Main ] [cloudsaveop] Title access token was missing or expired, refreshing access for title 'gta5'
[2024-05-30 02:58:35.214] [DISPLAY] [Main ] [cloudsaveop] Retrieving access token for title 'gta5' (11)
[2024-05-30 02:58:36.266] [DISPLAY] [Main ] [cloudsaveop] Identifying potential cloud save conflicts for title 'gta5'
[2024-05-30 02:58:37.210] [DISPLAY] [Main ] [cloudsaveop] Received modification list of cloud save files for title 'gta5'
[2024-05-30 02:58:37.210] [DISPLAY] [Main ] [cloudsaveop] Retrieving conflict metadata for title 'gta5'
[2024-05-30 02:58:37.227] [DISPLAY] [Main ] [cloudsaveop] Downloaded conflict metadata for title 'gta5'
[2024-05-30 02:58:37.227] [DISPLAY] [Main ] [cloudsaveop] Posting updated files for title 'gta5'
[2024-05-30 02:58:43.151] [DISPLAY] [Main ] [cloudsaveop] File uploading completed for title 'gta5'
[2024-05-30 02:58:43.151] [DISPLAY] [Main ] [cloudsaveop] Getting update files for title 'gta5'
[2024-05-30 02:58:43.168] [DISPLAY] [Main ] [cloudsaveop] File downloading completed for title 'gta5'
[2024-05-30 02:58:43.168] [DISPLAY] [Main ] [cloudsaveop] Deleting updated files for title 'gta5'
[2024-05-30 02:58:44.308] [DISPLAY] [Main ] [cloudsaveop] Files deletion completed for title 'gta5'
[2024-05-30 02:58:44.308] [DISPLAY] [Main ] [cloudsaveop] Swapping updated files in place for title 'gta5'
[2024-05-30 02:58:44.326] [DISPLAY] [Main ] [cloudsaveop] Finished syncing cloud saves for title 'gta5'
[2024-05-30 02:58:45.345] [DISPLAY] [ 7616] [launcher] Shutdown requested! Forced: false
[2024-05-30 02:58:45.352] [DISPLAY] [Main ] [launcher] StartShutdown - Now in progress
[2024-05-30 02:58:46.598] [DISPLAY] [Main ] [app] Application quit requested (exit code: 0)
[2024-05-30 02:58:46.669] [DISPLAY] [Main ] [svc] Stopping the background service.
