[2024-05-24 01:15:58.265] [DISPLAY] [Main ] [main] Initial Working Directory: C:\Program Files (x86)\Steam\steamapps\common\Grand Theft Auto V
[2024-05-24 01:15:58.265] [DISPLAY] [Main ] [main] Working directory: C:\Program Files\Rockstar Games\Launcher
[2024-05-24 01:15:58.291] [DISPLAY] [Main ] [minmode] Running in Steam mode
[2024-05-24 01:15:58.291] [DISPLAY] [Main ] [minmode] Steam App Id: 271590
[2024-05-24 01:15:58.291] [DISPLAY] [Main ] [minmode] Title Id: 
[2024-05-24 01:15:58.291] [DISPLAY] [Main ] [minmode] Location: C:\Program Files (x86)\Steam\steamapps\common\Grand Theft Auto V
[2024-05-24 01:15:58.292] [DISPLAY] [Main ] [launcher] Opening log file.
[2024-05-24 01:15:58.294] [DISPLAY] [Main ] [main] Command line: "C:\Program Files\Rockstar Games\Launcher\Launcher.exe" -skipPatcherCheck -steamAppId=271590 -steamLocation "C:\Program Files (x86)\Steam\steamapps\common\Grand Theft Auto V" @args.txt
[2024-05-24 01:15:58.294] [DISPLAY] [Main ] [main] P4 Version: 
[2024-05-24 01:15:58.294] [DISPLAY] [Main ] [main] RGL Branch: release_04
[2024-05-24 01:15:58.296] [DISPLAY] [Main ] [main] Version: 1.0.89.1979
[2024-05-24 01:15:58.296] [DISPLAY] [Main ] [main] Parameters:
[2024-05-24 01:15:58.296] [DISPLAY] [Main ] [main]     C:\Program Files\Rockstar Games\Launcher\Launcher.exe
[2024-05-24 01:15:58.296] [DISPLAY] [Main ] [main]     -skipPatcherCheck
[2024-05-24 01:15:58.296] [DISPLAY] [Main ] [main]     -steamAppId=271590
[2024-05-24 01:15:58.296] [DISPLAY] [Main ] [main]     -steamLocation
[2024-05-24 01:15:58.296] [DISPLAY] [Main ] [main]     C:\Program Files (x86)\Steam\steamapps\common\Grand Theft Auto V
[2024-05-24 01:15:58.296] [DISPLAY] [Main ] [main]     @args.txt
[2024-05-24 01:15:58.333] [DISPLAY] [Main ] [titlemanager] Could not get title list cache from disk; no titles known to be installed.
[2024-05-24 01:15:58.333] [DISPLAY] [Main ] [preqmanager] Could not get preq list from disk; no preqs known to be installed.
[2024-05-24 01:15:58.343] [WARNING] [Main ] [titlemanager] RGL install location not set, using exe location: C:\Program Files\Rockstar Games\Launcher
[2024-05-24 01:15:58.426] [WARNING] [Main ] [settingsmanager] Couldn't read settings file C:\Users\Kiu-Student\AppData\Local\Rockstar Games\Launcher\settings_user.dat; using defaults.
[2024-05-24 01:15:58.426] [WARNING] [Main ] [settingsmanager] Couldn't read settings file C:\ProgramData\Rockstar Games\Launcher\settings_machine.dat; using defaults.
[2024-05-24 01:15:58.426] [DISPLAY] [Main ] [settingsmanager] No user language setting, defaulting to 'en-US'
[2024-05-24 01:15:58.428] [DISPLAY] [Main ] [svc] Service version: 1.0.89.1979 (1.0.89.1979)
[2024-05-24 01:15:58.437] [DISPLAY] [Main ] [main] Current environment (prod) different to previous launch (); updating environment setting
[2024-05-24 01:15:58.672] [DISPLAY] [Main ] [fileutils] Version: 2.3.0.8 | 1.0.89.1979 | FFP
[2024-05-24 01:15:59.976] [DISPLAY] [bgsvc] [svc] Received response from service.
[2024-05-24 01:16:00.055] [DISPLAY] [net1 ] [title] Current version for title [pv] Launcher : 1.0.89.1979
[2024-05-24 01:16:00.462] [DISPLAY] [Main ] [systemtray] System tray: enabled
[2024-05-24 01:16:00.477] [DISPLAY] [Main ] [launcher] Passed check: majorVersion(10.0.19045) >= 10
[2024-05-24 01:16:00.485] [DISPLAY] [Workr] [idownloader] Starting download of 'https://gamedownloads-rockstargames-com.akamaized.net/public/launcher_online_config.xml'
[2024-05-24 01:16:00.717] [DISPLAY] [Workr] [idownloader] Completed download of 'https://gamedownloads-rockstargames-com.akamaized.net/public/launcher_online_config.xml' (status: 0/200)
[2024-05-24 01:16:00.717] [DISPLAY] [Workr] [titlemanager] Downloading title list...
[2024-05-24 01:16:00.717] [DISPLAY] [Workr] [titlemanager] Downloading default title list (SCS)...
[2024-05-24 01:16:00.717] [DISPLAY] [Workr] [idownloader] Starting download of 'https://rgl-prod.ros.rockstargames.com/launcher/11/LauncherServices/App.asmx/GetDefaultApps?accessToken='
[2024-05-24 01:16:05.063] [DISPLAY] [Workr] [idownloader] Completed download of 'https://rgl-prod.ros.rockstargames.com/launcher/11/LauncherServices/App.asmx/GetDefaultApps?accessToken=' (status: 0/200)
[2024-05-24 01:16:05.063] [DISPLAY] [Workr] [titlemanager] Title list updated.
[2024-05-24 01:16:05.063] [DISPLAY] [Workr] [launcher] Checking for self-update...
[2024-05-24 01:16:05.071] [DISPLAY] [Workr] [idownloader] Starting download of 'https://rgl-prod.ros.rockstargames.com/launcher/11/LauncherServices/App.asmx/GetBuildManifestFullNoAuth?branchAccessToken=BRANCHACCESS token="ga6AIo/dEQVNJOtlbpeyvEAlbTOENMQXSfyeJ1ykEutAa9KPiRNibQ6JMFUFtQtIlYQmcBN+LMiP+F2C7lMY++l6mjVHZHPNqdvu+acFwxU=",signature="VcNpiTzmWJp6Oyjv4I5Z+Jat1nI2KDHlr9iFxd7hTP0="'
[2024-05-24 01:16:07.910] [DISPLAY] [Workr] [idownloader] Completed download of 'https://rgl-prod.ros.rockstargames.com/launcher/11/LauncherServices/App.asmx/GetBuildManifestFullNoAuth?branchAccessToken=BRANCHACCESS token="ga6AIo/dEQVNJOtlbpeyvEAlbTOENMQXSfyeJ1ykEutAa9KPiRNibQ6JMFUFtQtIlYQmcBN+LMiP+F2C7lMY++l6mjVHZHPNqdvu+acFwxU=",signature="VcNpiTzmWJp6Oyjv4I5Z+Jat1nI2KDHlr9iFxd7hTP0="' (status: 0/200)
[2024-05-24 01:16:07.914] [DISPLAY] [Workr] [statuschecker] Title Rockstar Games Launcher: 0.0 KB / 272.70 MB
[2024-05-24 01:16:07.914] [DISPLAY] [Workr] [selfupdate] Updating launcher...
[2024-05-24 01:16:10.098] [DISPLAY] [Admin] [idownloader] Starting download of 'https://rgl-prod.ros.rockstargames.com/launcher/11/LauncherServices/App.asmx/RetrieveFileChunkNoAuthMulti'
[2024-05-24 01:16:11.089] [DISPLAY] [Admin] [idownloader] Completed download of 'https://rgl-prod.ros.rockstargames.com/launcher/11/LauncherServices/App.asmx/RetrieveFileChunkNoAuthMulti' (status: 0/200)
[2024-05-24 01:16:21.353] [DISPLAY] [Workr] [downloadprogress] Dl: D|156096376|11|4|0|0
[2024-05-24 01:16:21.373] [DISPLAY] [Workr] [titleupdater] Launcher needs to restart to be made up-to-date.
[2024-05-24 01:16:21.373] [DISPLAY] [Workr] [titleupdater] Update of Rockstar Games Launcher succeeded; needs restart to complete.
[2024-05-24 01:16:21.639] [DISPLAY] [Workr] [selfupdate] Applying downloaded self-update...
[2024-05-24 01:16:21.639] [DISPLAY] [Workr] [fileutils] Unable to get file version info size for C:\Program Files\Rockstar Games\Launcher\Launcher.exe.swap
[2024-05-24 01:16:21.639] [DISPLAY] [Workr] [title] Swap file for Rockstar Games Launcher not found during self update in C:\Program Files\Rockstar Games\Launcher\Launcher.exe.swap
[2024-05-24 01:16:21.640] [DISPLAY] [Workr] [fileutils] Unable to get file version info size for C:\Program Files\Rockstar Games\Launcher\Launcher.exe.swap
[2024-05-24 01:16:21.663] [DISPLAY] [Workr] [title] Installed launcher version in registry updated: 1.0.89.1979 -> 1.0.89.1979_S4
[2024-05-24 01:16:21.663] [DISPLAY] [Workr] [title] Updated version [mv] for title Rockstar Games Launcher : 1.0.89.1979_S4
[2024-05-24 01:16:21.779] [DISPLAY] [Workr] [title] Current version for title [pv] Rockstar Games Launcher : 1.0.89.1979
[2024-05-24 01:16:21.805] [DISPLAY] [Workr] [title] Installed launcher version in registry updated: 1.0.89.1979_S4 -> 1.0.89.1979
[2024-05-24 01:16:22.466] [DISPLAY] [Workr] [fileutils] Unable to get file version info size for C:\Program Files\Rockstar Games\Launcher\Launcher.exe.swap
[2024-05-24 01:16:22.466] [DISPLAY] [Workr] [title] Swap file for Rockstar Games Launcher not found during self update in C:\Program Files\Rockstar Games\Launcher\Launcher.exe.swap
[2024-05-24 01:16:22.466] [DISPLAY] [Workr] [fileutils] Unable to get file version info size for C:\Program Files\Rockstar Games\Launcher\Launcher.exe.swap
[2024-05-24 01:16:22.491] [DISPLAY] [Workr] [title] Installed launcher version in registry updated: 1.0.89.1979 -> 1.0.89.1979_S4
[2024-05-24 01:16:22.491] [DISPLAY] [Workr] [title] Updated version [mv] for title Rockstar Games Launcher : 1.0.89.1979_S4
[2024-05-24 01:16:22.515] [DISPLAY] [Workr] [selfupdate] Self-update applied, need to restart.
[2024-05-24 01:16:22.524] [DISPLAY] [Workr] [launcher] Restarting to apply self-update...
[2024-05-24 01:16:22.524] [DISPLAY] [Workr] [lifecycle] Setting to restart after exit.
[2024-05-24 01:16:22.525] [DISPLAY] [Workr] [launcher] Shutdown requested! Forced: false
[2024-05-24 01:16:22.525] [DISPLAY] [Workr] [launcher] Completed Social Club Pre-initialization tasks
[2024-05-24 01:16:22.551] [DISPLAY] [Main ] [launcher] StartShutdown - Now in progress
[2024-05-24 01:16:22.714] [DISPLAY] [Main ] [app] Application quit requested (exit code: 0)
[2024-05-24 01:16:22.759] [DISPLAY] [Main ] [svc] Stopping the background service.
